<?xml version="1.0" encoding="UTF-8"?>
<testng-results ignored="0" total="1" passed="1" failed="0" skipped="0">
  <reporter-output>
  </reporter-output>
  <suite started-at="2020-01-05T00:58:10 IST" name="Default suite" finished-at="2020-01-05T00:59:08 IST" duration-ms="57843">
    <groups>
    </groups>
    <test started-at="2020-01-05T00:58:10 IST" name="Default test" finished-at="2020-01-05T00:59:08 IST" duration-ms="57843">
      <class name="com.vtiger.script.contact.WithoutSelectingDeleteContactTest">
        <test-method is-config="true" signature="launchBrowser()[pri:0, instance:com.vtiger.script.contact.WithoutSelectingDeleteContactTest@43ee72e6]" started-at="2020-01-05T00:58:10 IST" name="launchBrowser" finished-at="2020-01-05T00:58:27 IST" duration-ms="17325" status="PASS">
          <reporter-output>
          </reporter-output>
        </test-method> <!-- launchBrowser -->
        <test-method is-config="true" signature="loginToApplication()[pri:0, instance:com.vtiger.script.contact.WithoutSelectingDeleteContactTest@43ee72e6]" started-at="2020-01-05T00:58:27 IST" name="loginToApplication" finished-at="2020-01-05T00:58:36 IST" duration-ms="8628" status="PASS">
          <reporter-output>
          </reporter-output>
        </test-method> <!-- loginToApplication -->
        <test-method signature="deleteContactWithActionAndClickOnCancelTest()[pri:0, instance:com.vtiger.script.contact.WithoutSelectingDeleteContactTest@43ee72e6]" started-at="2020-01-05T00:58:36 IST" name="deleteContactWithActionAndClickOnCancelTest" finished-at="2020-01-05T00:59:08 IST" duration-ms="31858" status="PASS">
          <reporter-output>
          </reporter-output>
        </test-method> <!-- deleteContactWithActionAndClickOnCancelTest -->
      </class> <!-- com.vtiger.script.contact.WithoutSelectingDeleteContactTest -->
    </test> <!-- Default test -->
  </suite> <!-- Default suite -->
</testng-results>
